[2024-07-22T00:49:23.409+0000] {local_task_job_runner.py:120} INFO - ::group::Pre task execution logs
[2024-07-22T00:49:23.458+0000] {taskinstance.py:2076} INFO - Dependencies all met for dep_context=non-requeueable deps ti=<TaskInstance: dag_with_python_operator_v2.Greet manual__2024-07-22T00:49:21.594404+00:00 [queued]>
[2024-07-22T00:49:23.486+0000] {taskinstance.py:2076} INFO - Dependencies all met for dep_context=requeueable deps ti=<TaskInstance: dag_with_python_operator_v2.Greet manual__2024-07-22T00:49:21.594404+00:00 [queued]>
[2024-07-22T00:49:23.488+0000] {taskinstance.py:2306} INFO - Starting attempt 1 of 6
[2024-07-22T00:49:23.517+0000] {taskinstance.py:2330} INFO - Executing <Task(PythonOperator): Greet> on 2024-07-22 00:49:21.594404+00:00
[2024-07-22T00:49:23.524+0000] {warnings.py:110} WARNING - /home/***/.local/lib/python3.12/site-packages/***/task/task_runner/standard_task_runner.py:61: DeprecationWarning: This process (pid=1288) is multi-threaded, use of fork() may lead to deadlocks in the child.
  pid = os.fork()

[2024-07-22T00:49:23.527+0000] {standard_task_runner.py:63} INFO - Started process 1289 to run task
[2024-07-22T00:49:23.527+0000] {standard_task_runner.py:90} INFO - Running: ['***', 'tasks', 'run', 'dag_with_python_operator_v2', 'Greet', 'manual__2024-07-22T00:49:21.594404+00:00', '--job-id', '41', '--raw', '--subdir', 'DAGS_FOLDER/dag_with_pythonOperator.py', '--cfg-path', '/tmp/tmplw_okdyc']
[2024-07-22T00:49:23.530+0000] {standard_task_runner.py:91} INFO - Job 41: Subtask Greet
[2024-07-22T00:49:23.610+0000] {task_command.py:426} INFO - Running <TaskInstance: dag_with_python_operator_v2.Greet manual__2024-07-22T00:49:21.594404+00:00 [running]> on host eefce25a52e3
[2024-07-22T00:49:23.758+0000] {taskinstance.py:2648} INFO - Exporting env vars: AIRFLOW_CTX_DAG_OWNER='***' AIRFLOW_CTX_DAG_ID='dag_with_python_operator_v2' AIRFLOW_CTX_TASK_ID='Greet' AIRFLOW_CTX_EXECUTION_DATE='2024-07-22T00:49:21.594404+00:00' AIRFLOW_CTX_TRY_NUMBER='1' AIRFLOW_CTX_DAG_RUN_ID='manual__2024-07-22T00:49:21.594404+00:00'
[2024-07-22T00:49:23.759+0000] {taskinstance.py:430} INFO - ::endgroup::
[2024-07-22T00:49:23.779+0000] {logging_mixin.py:188} INFO - Hello World!! My name is Tom, and I am 20 years old
[2024-07-22T00:49:23.780+0000] {python.py:237} INFO - Done. Returned value was: None
[2024-07-22T00:49:23.783+0000] {taskinstance.py:441} INFO - ::group::Post task execution logs
[2024-07-22T00:49:23.797+0000] {taskinstance.py:1206} INFO - Marking task as SUCCESS. dag_id=dag_with_python_operator_v2, task_id=Greet, run_id=manual__2024-07-22T00:49:21.594404+00:00, execution_date=20240722T004921, start_date=20240722T004923, end_date=20240722T004923
[2024-07-22T00:49:23.824+0000] {local_task_job_runner.py:240} INFO - Task exited with return code 0
[2024-07-22T00:49:23.850+0000] {taskinstance.py:3498} INFO - 0 downstream tasks scheduled from follow-on schedule check
[2024-07-22T00:49:23.854+0000] {local_task_job_runner.py:222} INFO - ::endgroup::
