[2024-07-22T00:35:52.193+0000] {local_task_job_runner.py:120} INFO - ::group::Pre task execution logs
[2024-07-22T00:35:52.248+0000] {taskinstance.py:2076} INFO - Dependencies all met for dep_context=non-requeueable deps ti=<TaskInstance: dag_with_python_operator_v1.Greet manual__2024-07-22T00:35:50.675175+00:00 [queued]>
[2024-07-22T00:35:52.261+0000] {taskinstance.py:2076} INFO - Dependencies all met for dep_context=requeueable deps ti=<TaskInstance: dag_with_python_operator_v1.Greet manual__2024-07-22T00:35:50.675175+00:00 [queued]>
[2024-07-22T00:35:52.263+0000] {taskinstance.py:2306} INFO - Starting attempt 1 of 6
[2024-07-22T00:35:52.287+0000] {taskinstance.py:2330} INFO - Executing <Task(PythonOperator): Greet> on 2024-07-22 00:35:50.675175+00:00
[2024-07-22T00:35:52.295+0000] {warnings.py:110} WARNING - /home/***/.local/lib/python3.12/site-packages/***/task/task_runner/standard_task_runner.py:61: DeprecationWarning: This process (pid=1107) is multi-threaded, use of fork() may lead to deadlocks in the child.
  pid = os.fork()

[2024-07-22T00:35:52.296+0000] {standard_task_runner.py:90} INFO - Running: ['***', 'tasks', 'run', 'dag_with_python_operator_v1', 'Greet', 'manual__2024-07-22T00:35:50.675175+00:00', '--job-id', '36', '--raw', '--subdir', 'DAGS_FOLDER/dag_with_pythonOperator.py', '--cfg-path', '/tmp/tmpppf2bu51']
[2024-07-22T00:35:52.297+0000] {standard_task_runner.py:63} INFO - Started process 1108 to run task
[2024-07-22T00:35:52.298+0000] {standard_task_runner.py:91} INFO - Job 36: Subtask Greet
[2024-07-22T00:35:52.379+0000] {task_command.py:426} INFO - Running <TaskInstance: dag_with_python_operator_v1.Greet manual__2024-07-22T00:35:50.675175+00:00 [running]> on host eefce25a52e3
[2024-07-22T00:35:52.497+0000] {taskinstance.py:2648} INFO - Exporting env vars: AIRFLOW_CTX_DAG_OWNER='***' AIRFLOW_CTX_DAG_ID='dag_with_python_operator_v1' AIRFLOW_CTX_TASK_ID='Greet' AIRFLOW_CTX_EXECUTION_DATE='2024-07-22T00:35:50.675175+00:00' AIRFLOW_CTX_TRY_NUMBER='1' AIRFLOW_CTX_DAG_RUN_ID='manual__2024-07-22T00:35:50.675175+00:00'
[2024-07-22T00:35:52.498+0000] {taskinstance.py:430} INFO - ::endgroup::
[2024-07-22T00:35:52.519+0000] {logging_mixin.py:188} INFO - Hello World!!
[2024-07-22T00:35:52.519+0000] {python.py:237} INFO - Done. Returned value was: None
[2024-07-22T00:35:52.521+0000] {taskinstance.py:441} INFO - ::group::Post task execution logs
[2024-07-22T00:35:52.531+0000] {taskinstance.py:1206} INFO - Marking task as SUCCESS. dag_id=dag_with_python_operator_v1, task_id=Greet, run_id=manual__2024-07-22T00:35:50.675175+00:00, execution_date=20240722T003550, start_date=20240722T003552, end_date=20240722T003552
[2024-07-22T00:35:52.553+0000] {local_task_job_runner.py:240} INFO - Task exited with return code 0
[2024-07-22T00:35:52.575+0000] {taskinstance.py:3498} INFO - 0 downstream tasks scheduled from follow-on schedule check
[2024-07-22T00:35:52.579+0000] {local_task_job_runner.py:222} INFO - ::endgroup::
