[2024-07-21T23:46:08.312+0000] {local_task_job_runner.py:120} INFO - ::group::Pre task execution logs
[2024-07-21T23:46:08.412+0000] {taskinstance.py:2076} INFO - Dependencies all met for dep_context=non-requeueable deps ti=<TaskInstance: our_first_dag.first_task manual__2024-07-21T23:46:07.003069+00:00 [queued]>
[2024-07-21T23:46:08.455+0000] {taskinstance.py:2076} INFO - Dependencies all met for dep_context=requeueable deps ti=<TaskInstance: our_first_dag.first_task manual__2024-07-21T23:46:07.003069+00:00 [queued]>
[2024-07-21T23:46:08.458+0000] {taskinstance.py:2306} INFO - Starting attempt 1 of 6
[2024-07-21T23:46:08.510+0000] {taskinstance.py:2330} INFO - Executing <Task(BashOperator): first_task> on 2024-07-21 23:46:07.003069+00:00
[2024-07-21T23:46:08.523+0000] {warnings.py:110} WARNING - /home/***/.local/lib/python3.12/site-packages/***/task/task_runner/standard_task_runner.py:61: DeprecationWarning: This process (pid=435) is multi-threaded, use of fork() may lead to deadlocks in the child.
  pid = os.fork()

[2024-07-21T23:46:08.531+0000] {standard_task_runner.py:63} INFO - Started process 436 to run task
[2024-07-21T23:46:08.533+0000] {standard_task_runner.py:90} INFO - Running: ['***', 'tasks', 'run', 'our_first_dag', 'first_task', 'manual__2024-07-21T23:46:07.003069+00:00', '--job-id', '20', '--raw', '--subdir', 'DAGS_FOLDER/our_first_dag.py', '--cfg-path', '/tmp/tmpd3550b1f']
[2024-07-21T23:46:08.537+0000] {standard_task_runner.py:91} INFO - Job 20: Subtask first_task
[2024-07-21T23:46:08.657+0000] {task_command.py:426} INFO - Running <TaskInstance: our_first_dag.first_task manual__2024-07-21T23:46:07.003069+00:00 [running]> on host eefce25a52e3
[2024-07-21T23:46:08.950+0000] {taskinstance.py:2648} INFO - Exporting env vars: AIRFLOW_CTX_DAG_OWNER='***' AIRFLOW_CTX_DAG_ID='our_first_dag' AIRFLOW_CTX_TASK_ID='first_task' AIRFLOW_CTX_EXECUTION_DATE='2024-07-21T23:46:07.003069+00:00' AIRFLOW_CTX_TRY_NUMBER='1' AIRFLOW_CTX_DAG_RUN_ID='manual__2024-07-21T23:46:07.003069+00:00'
[2024-07-21T23:46:08.953+0000] {taskinstance.py:430} INFO - ::endgroup::
[2024-07-21T23:46:08.987+0000] {subprocess.py:63} INFO - Tmp dir root location: /tmp
[2024-07-21T23:46:08.989+0000] {subprocess.py:75} INFO - Running command: ['/usr/bin/bash', '-c', 'echo Hello World, this is the first task to be done']
[2024-07-21T23:46:09.003+0000] {subprocess.py:86} INFO - Output:
[2024-07-21T23:46:09.005+0000] {subprocess.py:93} INFO - Hello World, this is the first task to be done
[2024-07-21T23:46:09.007+0000] {subprocess.py:97} INFO - Command exited with return code 0
[2024-07-21T23:46:09.008+0000] {taskinstance.py:441} INFO - ::group::Post task execution logs
[2024-07-21T23:46:09.066+0000] {taskinstance.py:1206} INFO - Marking task as SUCCESS. dag_id=our_first_dag, task_id=first_task, run_id=manual__2024-07-21T23:46:07.003069+00:00, execution_date=20240721T234607, start_date=20240721T234608, end_date=20240721T234609
[2024-07-21T23:46:09.115+0000] {local_task_job_runner.py:240} INFO - Task exited with return code 0
[2024-07-21T23:46:09.157+0000] {taskinstance.py:3498} INFO - 0 downstream tasks scheduled from follow-on schedule check
[2024-07-21T23:46:09.162+0000] {local_task_job_runner.py:222} INFO - ::endgroup::
