[2024-07-22T00:35:07.156+0000] {processor.py:161} INFO - Started process (PID=1194) to work on /opt/airflow/dags/dag_with_pythonOperator.py
[2024-07-22T00:35:07.157+0000] {processor.py:830} INFO - Processing file /opt/airflow/dags/dag_with_pythonOperator.py for tasks to queue
[2024-07-22T00:35:07.158+0000] {logging_mixin.py:188} INFO - [2024-07-22T00:35:07.158+0000] {dagbag.py:545} INFO - Filling up the DagBag from /opt/airflow/dags/dag_with_pythonOperator.py
[2024-07-22T00:35:07.200+0000] {processor.py:840} INFO - DAG(s) 'dag_with_python_operator_v1' retrieved from /opt/airflow/dags/dag_with_pythonOperator.py
[2024-07-22T00:35:07.316+0000] {logging_mixin.py:188} INFO - [2024-07-22T00:35:07.315+0000] {override.py:1829} INFO - Created Permission View: can delete on DAG:dag_with_python_operator_v1
[2024-07-22T00:35:07.329+0000] {logging_mixin.py:188} INFO - [2024-07-22T00:35:07.328+0000] {override.py:1829} INFO - Created Permission View: can edit on DAG:dag_with_python_operator_v1
[2024-07-22T00:35:07.339+0000] {logging_mixin.py:188} INFO - [2024-07-22T00:35:07.339+0000] {override.py:1829} INFO - Created Permission View: can read on DAG:dag_with_python_operator_v1
[2024-07-22T00:35:07.340+0000] {logging_mixin.py:188} INFO - [2024-07-22T00:35:07.339+0000] {dag.py:3096} INFO - Sync 1 DAGs
[2024-07-22T00:35:07.351+0000] {logging_mixin.py:188} INFO - [2024-07-22T00:35:07.351+0000] {dag.py:3118} INFO - Creating ORM DAG for dag_with_python_operator_v1
[2024-07-22T00:35:07.364+0000] {logging_mixin.py:188} INFO - [2024-07-22T00:35:07.363+0000] {dag.py:3954} INFO - Setting next_dagrun for dag_with_python_operator_v1 to 2024-07-22 00:00:00+00:00, run_after=2024-07-23 00:00:00+00:00
[2024-07-22T00:35:07.387+0000] {processor.py:183} INFO - Processing /opt/airflow/dags/dag_with_pythonOperator.py took 0.237 seconds
[2024-07-22T00:35:37.564+0000] {processor.py:161} INFO - Started process (PID=1202) to work on /opt/airflow/dags/dag_with_pythonOperator.py
[2024-07-22T00:35:37.566+0000] {processor.py:830} INFO - Processing file /opt/airflow/dags/dag_with_pythonOperator.py for tasks to queue
[2024-07-22T00:35:37.567+0000] {logging_mixin.py:188} INFO - [2024-07-22T00:35:37.567+0000] {dagbag.py:545} INFO - Filling up the DagBag from /opt/airflow/dags/dag_with_pythonOperator.py
[2024-07-22T00:35:37.610+0000] {processor.py:840} INFO - DAG(s) 'dag_with_python_operator_v1' retrieved from /opt/airflow/dags/dag_with_pythonOperator.py
[2024-07-22T00:35:37.784+0000] {logging_mixin.py:188} INFO - [2024-07-22T00:35:37.783+0000] {dag.py:3096} INFO - Sync 1 DAGs
[2024-07-22T00:35:37.824+0000] {logging_mixin.py:188} INFO - [2024-07-22T00:35:37.824+0000] {dag.py:3954} INFO - Setting next_dagrun for dag_with_python_operator_v1 to 2024-07-22 00:00:00+00:00, run_after=2024-07-23 00:00:00+00:00
[2024-07-22T00:35:37.866+0000] {processor.py:183} INFO - Processing /opt/airflow/dags/dag_with_pythonOperator.py took 0.312 seconds
[2024-07-22T00:36:08.243+0000] {processor.py:161} INFO - Started process (PID=1210) to work on /opt/airflow/dags/dag_with_pythonOperator.py
[2024-07-22T00:36:08.244+0000] {processor.py:830} INFO - Processing file /opt/airflow/dags/dag_with_pythonOperator.py for tasks to queue
[2024-07-22T00:36:08.245+0000] {logging_mixin.py:188} INFO - [2024-07-22T00:36:08.245+0000] {dagbag.py:545} INFO - Filling up the DagBag from /opt/airflow/dags/dag_with_pythonOperator.py
[2024-07-22T00:36:08.272+0000] {processor.py:840} INFO - DAG(s) 'dag_with_python_operator_v1' retrieved from /opt/airflow/dags/dag_with_pythonOperator.py
[2024-07-22T00:36:08.304+0000] {logging_mixin.py:188} INFO - [2024-07-22T00:36:08.304+0000] {dag.py:3096} INFO - Sync 1 DAGs
[2024-07-22T00:36:08.333+0000] {logging_mixin.py:188} INFO - [2024-07-22T00:36:08.332+0000] {dag.py:3954} INFO - Setting next_dagrun for dag_with_python_operator_v1 to 2024-07-22 00:00:00+00:00, run_after=2024-07-23 00:00:00+00:00
[2024-07-22T00:36:08.356+0000] {processor.py:183} INFO - Processing /opt/airflow/dags/dag_with_pythonOperator.py took 0.121 seconds
[2024-07-22T00:36:38.641+0000] {processor.py:161} INFO - Started process (PID=1218) to work on /opt/airflow/dags/dag_with_pythonOperator.py
[2024-07-22T00:36:38.642+0000] {processor.py:830} INFO - Processing file /opt/airflow/dags/dag_with_pythonOperator.py for tasks to queue
[2024-07-22T00:36:38.643+0000] {logging_mixin.py:188} INFO - [2024-07-22T00:36:38.642+0000] {dagbag.py:545} INFO - Filling up the DagBag from /opt/airflow/dags/dag_with_pythonOperator.py
[2024-07-22T00:36:38.665+0000] {processor.py:840} INFO - DAG(s) 'dag_with_python_operator_v1' retrieved from /opt/airflow/dags/dag_with_pythonOperator.py
[2024-07-22T00:36:38.695+0000] {logging_mixin.py:188} INFO - [2024-07-22T00:36:38.695+0000] {dag.py:3096} INFO - Sync 1 DAGs
[2024-07-22T00:36:38.719+0000] {logging_mixin.py:188} INFO - [2024-07-22T00:36:38.719+0000] {dag.py:3954} INFO - Setting next_dagrun for dag_with_python_operator_v1 to 2024-07-22 00:00:00+00:00, run_after=2024-07-23 00:00:00+00:00
[2024-07-22T00:36:38.741+0000] {processor.py:183} INFO - Processing /opt/airflow/dags/dag_with_pythonOperator.py took 0.107 seconds
[2024-07-22T00:37:09.067+0000] {processor.py:161} INFO - Started process (PID=1226) to work on /opt/airflow/dags/dag_with_pythonOperator.py
[2024-07-22T00:37:09.069+0000] {processor.py:830} INFO - Processing file /opt/airflow/dags/dag_with_pythonOperator.py for tasks to queue
[2024-07-22T00:37:09.071+0000] {logging_mixin.py:188} INFO - [2024-07-22T00:37:09.070+0000] {dagbag.py:545} INFO - Filling up the DagBag from /opt/airflow/dags/dag_with_pythonOperator.py
[2024-07-22T00:37:09.097+0000] {processor.py:840} INFO - DAG(s) 'dag_with_python_operator_v1' retrieved from /opt/airflow/dags/dag_with_pythonOperator.py
[2024-07-22T00:37:09.125+0000] {logging_mixin.py:188} INFO - [2024-07-22T00:37:09.125+0000] {dag.py:3096} INFO - Sync 1 DAGs
[2024-07-22T00:37:09.148+0000] {logging_mixin.py:188} INFO - [2024-07-22T00:37:09.147+0000] {dag.py:3954} INFO - Setting next_dagrun for dag_with_python_operator_v1 to 2024-07-22 00:00:00+00:00, run_after=2024-07-23 00:00:00+00:00
[2024-07-22T00:37:09.171+0000] {processor.py:183} INFO - Processing /opt/airflow/dags/dag_with_pythonOperator.py took 0.111 seconds
[2024-07-22T00:37:39.518+0000] {processor.py:161} INFO - Started process (PID=1234) to work on /opt/airflow/dags/dag_with_pythonOperator.py
[2024-07-22T00:37:39.521+0000] {processor.py:830} INFO - Processing file /opt/airflow/dags/dag_with_pythonOperator.py for tasks to queue
[2024-07-22T00:37:39.522+0000] {logging_mixin.py:188} INFO - [2024-07-22T00:37:39.522+0000] {dagbag.py:545} INFO - Filling up the DagBag from /opt/airflow/dags/dag_with_pythonOperator.py
[2024-07-22T00:37:39.555+0000] {processor.py:840} INFO - DAG(s) 'dag_with_python_operator_v1' retrieved from /opt/airflow/dags/dag_with_pythonOperator.py
[2024-07-22T00:37:39.591+0000] {logging_mixin.py:188} INFO - [2024-07-22T00:37:39.590+0000] {dag.py:3096} INFO - Sync 1 DAGs
[2024-07-22T00:37:39.623+0000] {logging_mixin.py:188} INFO - [2024-07-22T00:37:39.623+0000] {dag.py:3954} INFO - Setting next_dagrun for dag_with_python_operator_v1 to 2024-07-22 00:00:00+00:00, run_after=2024-07-23 00:00:00+00:00
[2024-07-22T00:37:39.654+0000] {processor.py:183} INFO - Processing /opt/airflow/dags/dag_with_pythonOperator.py took 0.145 seconds
[2024-07-22T00:38:10.130+0000] {processor.py:161} INFO - Started process (PID=1242) to work on /opt/airflow/dags/dag_with_pythonOperator.py
[2024-07-22T00:38:10.133+0000] {processor.py:830} INFO - Processing file /opt/airflow/dags/dag_with_pythonOperator.py for tasks to queue
[2024-07-22T00:38:10.136+0000] {logging_mixin.py:188} INFO - [2024-07-22T00:38:10.135+0000] {dagbag.py:545} INFO - Filling up the DagBag from /opt/airflow/dags/dag_with_pythonOperator.py
[2024-07-22T00:38:10.204+0000] {processor.py:840} INFO - DAG(s) 'dag_with_python_operator_v1' retrieved from /opt/airflow/dags/dag_with_pythonOperator.py
[2024-07-22T00:38:10.352+0000] {logging_mixin.py:188} INFO - [2024-07-22T00:38:10.349+0000] {dag.py:3096} INFO - Sync 1 DAGs
[2024-07-22T00:38:10.589+0000] {logging_mixin.py:188} INFO - [2024-07-22T00:38:10.588+0000] {dag.py:3954} INFO - Setting next_dagrun for dag_with_python_operator_v1 to 2024-07-22 00:00:00+00:00, run_after=2024-07-23 00:00:00+00:00
[2024-07-22T00:38:10.727+0000] {processor.py:183} INFO - Processing /opt/airflow/dags/dag_with_pythonOperator.py took 0.608 seconds
[2024-07-22T00:38:41.403+0000] {processor.py:161} INFO - Started process (PID=1256) to work on /opt/airflow/dags/dag_with_pythonOperator.py
[2024-07-22T00:38:41.405+0000] {processor.py:830} INFO - Processing file /opt/airflow/dags/dag_with_pythonOperator.py for tasks to queue
[2024-07-22T00:38:41.413+0000] {logging_mixin.py:188} INFO - [2024-07-22T00:38:41.411+0000] {dagbag.py:545} INFO - Filling up the DagBag from /opt/airflow/dags/dag_with_pythonOperator.py
[2024-07-22T00:38:41.463+0000] {processor.py:840} INFO - DAG(s) 'dag_with_python_operator_v1' retrieved from /opt/airflow/dags/dag_with_pythonOperator.py
[2024-07-22T00:38:41.537+0000] {logging_mixin.py:188} INFO - [2024-07-22T00:38:41.537+0000] {dag.py:3096} INFO - Sync 1 DAGs
[2024-07-22T00:38:41.581+0000] {logging_mixin.py:188} INFO - [2024-07-22T00:38:41.581+0000] {dag.py:3954} INFO - Setting next_dagrun for dag_with_python_operator_v1 to 2024-07-22 00:00:00+00:00, run_after=2024-07-23 00:00:00+00:00
[2024-07-22T00:38:41.607+0000] {processor.py:183} INFO - Processing /opt/airflow/dags/dag_with_pythonOperator.py took 0.212 seconds
[2024-07-22T00:38:51.776+0000] {processor.py:161} INFO - Started process (PID=1258) to work on /opt/airflow/dags/dag_with_pythonOperator.py
[2024-07-22T00:38:51.777+0000] {processor.py:830} INFO - Processing file /opt/airflow/dags/dag_with_pythonOperator.py for tasks to queue
[2024-07-22T00:38:51.779+0000] {logging_mixin.py:188} INFO - [2024-07-22T00:38:51.778+0000] {dagbag.py:545} INFO - Filling up the DagBag from /opt/airflow/dags/dag_with_pythonOperator.py
[2024-07-22T00:38:51.806+0000] {processor.py:840} INFO - DAG(s) 'dag_with_python_operator_v1' retrieved from /opt/airflow/dags/dag_with_pythonOperator.py
[2024-07-22T00:38:51.831+0000] {logging_mixin.py:188} INFO - [2024-07-22T00:38:51.831+0000] {dag.py:3096} INFO - Sync 1 DAGs
[2024-07-22T00:38:51.856+0000] {logging_mixin.py:188} INFO - [2024-07-22T00:38:51.856+0000] {dag.py:3954} INFO - Setting next_dagrun for dag_with_python_operator_v1 to 2024-07-22 00:00:00+00:00, run_after=2024-07-23 00:00:00+00:00
[2024-07-22T00:38:51.884+0000] {processor.py:183} INFO - Processing /opt/airflow/dags/dag_with_pythonOperator.py took 0.116 seconds
[2024-07-22T00:39:12.971+0000] {processor.py:161} INFO - Started process (PID=1265) to work on /opt/airflow/dags/dag_with_pythonOperator.py
[2024-07-22T00:39:12.972+0000] {processor.py:830} INFO - Processing file /opt/airflow/dags/dag_with_pythonOperator.py for tasks to queue
[2024-07-22T00:39:12.973+0000] {logging_mixin.py:188} INFO - [2024-07-22T00:39:12.972+0000] {dagbag.py:545} INFO - Filling up the DagBag from /opt/airflow/dags/dag_with_pythonOperator.py
[2024-07-22T00:39:13.007+0000] {processor.py:840} INFO - DAG(s) 'dag_with_python_operator_v1' retrieved from /opt/airflow/dags/dag_with_pythonOperator.py
[2024-07-22T00:39:13.033+0000] {logging_mixin.py:188} INFO - [2024-07-22T00:39:13.033+0000] {dag.py:3096} INFO - Sync 1 DAGs
[2024-07-22T00:39:13.065+0000] {logging_mixin.py:188} INFO - [2024-07-22T00:39:13.064+0000] {dag.py:3954} INFO - Setting next_dagrun for dag_with_python_operator_v1 to 2024-07-22 00:00:00+00:00, run_after=2024-07-23 00:00:00+00:00
[2024-07-22T00:39:13.089+0000] {processor.py:183} INFO - Processing /opt/airflow/dags/dag_with_pythonOperator.py took 0.126 seconds
[2024-07-22T00:39:43.451+0000] {processor.py:161} INFO - Started process (PID=1273) to work on /opt/airflow/dags/dag_with_pythonOperator.py
[2024-07-22T00:39:43.452+0000] {processor.py:830} INFO - Processing file /opt/airflow/dags/dag_with_pythonOperator.py for tasks to queue
[2024-07-22T00:39:43.453+0000] {logging_mixin.py:188} INFO - [2024-07-22T00:39:43.453+0000] {dagbag.py:545} INFO - Filling up the DagBag from /opt/airflow/dags/dag_with_pythonOperator.py
[2024-07-22T00:39:43.485+0000] {processor.py:840} INFO - DAG(s) 'dag_with_python_operator_v1' retrieved from /opt/airflow/dags/dag_with_pythonOperator.py
[2024-07-22T00:39:43.515+0000] {logging_mixin.py:188} INFO - [2024-07-22T00:39:43.515+0000] {dag.py:3096} INFO - Sync 1 DAGs
[2024-07-22T00:39:43.542+0000] {logging_mixin.py:188} INFO - [2024-07-22T00:39:43.541+0000] {dag.py:3954} INFO - Setting next_dagrun for dag_with_python_operator_v1 to 2024-07-22 00:00:00+00:00, run_after=2024-07-23 00:00:00+00:00
[2024-07-22T00:39:43.569+0000] {processor.py:183} INFO - Processing /opt/airflow/dags/dag_with_pythonOperator.py took 0.127 seconds
[2024-07-22T00:40:13.918+0000] {processor.py:161} INFO - Started process (PID=1281) to work on /opt/airflow/dags/dag_with_pythonOperator.py
[2024-07-22T00:40:13.919+0000] {processor.py:830} INFO - Processing file /opt/airflow/dags/dag_with_pythonOperator.py for tasks to queue
[2024-07-22T00:40:13.920+0000] {logging_mixin.py:188} INFO - [2024-07-22T00:40:13.919+0000] {dagbag.py:545} INFO - Filling up the DagBag from /opt/airflow/dags/dag_with_pythonOperator.py
[2024-07-22T00:40:13.940+0000] {processor.py:840} INFO - DAG(s) 'dag_with_python_operator_v1' retrieved from /opt/airflow/dags/dag_with_pythonOperator.py
[2024-07-22T00:40:13.965+0000] {logging_mixin.py:188} INFO - [2024-07-22T00:40:13.965+0000] {dag.py:3096} INFO - Sync 1 DAGs
[2024-07-22T00:40:13.987+0000] {logging_mixin.py:188} INFO - [2024-07-22T00:40:13.987+0000] {dag.py:3954} INFO - Setting next_dagrun for dag_with_python_operator_v1 to 2024-07-22 00:00:00+00:00, run_after=2024-07-23 00:00:00+00:00
[2024-07-22T00:40:14.012+0000] {processor.py:183} INFO - Processing /opt/airflow/dags/dag_with_pythonOperator.py took 0.102 seconds
[2024-07-22T00:40:44.281+0000] {processor.py:161} INFO - Started process (PID=1289) to work on /opt/airflow/dags/dag_with_pythonOperator.py
[2024-07-22T00:40:44.283+0000] {processor.py:830} INFO - Processing file /opt/airflow/dags/dag_with_pythonOperator.py for tasks to queue
[2024-07-22T00:40:44.284+0000] {logging_mixin.py:188} INFO - [2024-07-22T00:40:44.284+0000] {dagbag.py:545} INFO - Filling up the DagBag from /opt/airflow/dags/dag_with_pythonOperator.py
[2024-07-22T00:40:44.308+0000] {processor.py:840} INFO - DAG(s) 'dag_with_python_operator_v1' retrieved from /opt/airflow/dags/dag_with_pythonOperator.py
[2024-07-22T00:40:44.341+0000] {logging_mixin.py:188} INFO - [2024-07-22T00:40:44.341+0000] {dag.py:3096} INFO - Sync 1 DAGs
[2024-07-22T00:40:44.365+0000] {logging_mixin.py:188} INFO - [2024-07-22T00:40:44.364+0000] {dag.py:3954} INFO - Setting next_dagrun for dag_with_python_operator_v1 to 2024-07-22 00:00:00+00:00, run_after=2024-07-23 00:00:00+00:00
[2024-07-22T00:40:44.388+0000] {processor.py:183} INFO - Processing /opt/airflow/dags/dag_with_pythonOperator.py took 0.117 seconds
[2024-07-22T00:41:14.682+0000] {processor.py:161} INFO - Started process (PID=1297) to work on /opt/airflow/dags/dag_with_pythonOperator.py
[2024-07-22T00:41:14.683+0000] {processor.py:830} INFO - Processing file /opt/airflow/dags/dag_with_pythonOperator.py for tasks to queue
[2024-07-22T00:41:14.685+0000] {logging_mixin.py:188} INFO - [2024-07-22T00:41:14.685+0000] {dagbag.py:545} INFO - Filling up the DagBag from /opt/airflow/dags/dag_with_pythonOperator.py
[2024-07-22T00:41:14.720+0000] {processor.py:840} INFO - DAG(s) 'dag_with_python_operator_v1' retrieved from /opt/airflow/dags/dag_with_pythonOperator.py
[2024-07-22T00:41:14.769+0000] {logging_mixin.py:188} INFO - [2024-07-22T00:41:14.768+0000] {dag.py:3096} INFO - Sync 1 DAGs
[2024-07-22T00:41:14.813+0000] {logging_mixin.py:188} INFO - [2024-07-22T00:41:14.813+0000] {dag.py:3954} INFO - Setting next_dagrun for dag_with_python_operator_v1 to 2024-07-22 00:00:00+00:00, run_after=2024-07-23 00:00:00+00:00
[2024-07-22T00:41:14.846+0000] {processor.py:183} INFO - Processing /opt/airflow/dags/dag_with_pythonOperator.py took 0.175 seconds
[2024-07-22T00:41:45.020+0000] {processor.py:161} INFO - Started process (PID=1305) to work on /opt/airflow/dags/dag_with_pythonOperator.py
[2024-07-22T00:41:45.021+0000] {processor.py:830} INFO - Processing file /opt/airflow/dags/dag_with_pythonOperator.py for tasks to queue
[2024-07-22T00:41:45.023+0000] {logging_mixin.py:188} INFO - [2024-07-22T00:41:45.022+0000] {dagbag.py:545} INFO - Filling up the DagBag from /opt/airflow/dags/dag_with_pythonOperator.py
[2024-07-22T00:41:45.050+0000] {processor.py:840} INFO - DAG(s) 'dag_with_python_operator_v1' retrieved from /opt/airflow/dags/dag_with_pythonOperator.py
[2024-07-22T00:41:45.090+0000] {logging_mixin.py:188} INFO - [2024-07-22T00:41:45.090+0000] {dag.py:3096} INFO - Sync 1 DAGs
[2024-07-22T00:41:45.133+0000] {logging_mixin.py:188} INFO - [2024-07-22T00:41:45.133+0000] {dag.py:3954} INFO - Setting next_dagrun for dag_with_python_operator_v1 to 2024-07-22 00:00:00+00:00, run_after=2024-07-23 00:00:00+00:00
[2024-07-22T00:41:45.163+0000] {processor.py:183} INFO - Processing /opt/airflow/dags/dag_with_pythonOperator.py took 0.151 seconds
[2024-07-22T00:42:15.541+0000] {processor.py:161} INFO - Started process (PID=1313) to work on /opt/airflow/dags/dag_with_pythonOperator.py
[2024-07-22T00:42:15.544+0000] {processor.py:830} INFO - Processing file /opt/airflow/dags/dag_with_pythonOperator.py for tasks to queue
[2024-07-22T00:42:15.546+0000] {logging_mixin.py:188} INFO - [2024-07-22T00:42:15.545+0000] {dagbag.py:545} INFO - Filling up the DagBag from /opt/airflow/dags/dag_with_pythonOperator.py
[2024-07-22T00:42:15.581+0000] {processor.py:840} INFO - DAG(s) 'dag_with_python_operator_v1' retrieved from /opt/airflow/dags/dag_with_pythonOperator.py
[2024-07-22T00:42:15.616+0000] {logging_mixin.py:188} INFO - [2024-07-22T00:42:15.616+0000] {dag.py:3096} INFO - Sync 1 DAGs
[2024-07-22T00:42:15.648+0000] {logging_mixin.py:188} INFO - [2024-07-22T00:42:15.648+0000] {dag.py:3954} INFO - Setting next_dagrun for dag_with_python_operator_v1 to 2024-07-22 00:00:00+00:00, run_after=2024-07-23 00:00:00+00:00
[2024-07-22T00:42:15.674+0000] {processor.py:183} INFO - Processing /opt/airflow/dags/dag_with_pythonOperator.py took 0.148 seconds
[2024-07-22T00:42:46.014+0000] {processor.py:161} INFO - Started process (PID=1321) to work on /opt/airflow/dags/dag_with_pythonOperator.py
[2024-07-22T00:42:46.015+0000] {processor.py:830} INFO - Processing file /opt/airflow/dags/dag_with_pythonOperator.py for tasks to queue
[2024-07-22T00:42:46.016+0000] {logging_mixin.py:188} INFO - [2024-07-22T00:42:46.016+0000] {dagbag.py:545} INFO - Filling up the DagBag from /opt/airflow/dags/dag_with_pythonOperator.py
[2024-07-22T00:42:46.044+0000] {processor.py:840} INFO - DAG(s) 'dag_with_python_operator_v1' retrieved from /opt/airflow/dags/dag_with_pythonOperator.py
[2024-07-22T00:42:46.071+0000] {logging_mixin.py:188} INFO - [2024-07-22T00:42:46.071+0000] {dag.py:3096} INFO - Sync 1 DAGs
[2024-07-22T00:42:46.098+0000] {logging_mixin.py:188} INFO - [2024-07-22T00:42:46.097+0000] {dag.py:3954} INFO - Setting next_dagrun for dag_with_python_operator_v1 to 2024-07-22 00:00:00+00:00, run_after=2024-07-23 00:00:00+00:00
[2024-07-22T00:42:46.119+0000] {processor.py:183} INFO - Processing /opt/airflow/dags/dag_with_pythonOperator.py took 0.112 seconds
[2024-07-22T00:43:16.668+0000] {processor.py:161} INFO - Started process (PID=1329) to work on /opt/airflow/dags/dag_with_pythonOperator.py
[2024-07-22T00:43:16.669+0000] {processor.py:830} INFO - Processing file /opt/airflow/dags/dag_with_pythonOperator.py for tasks to queue
[2024-07-22T00:43:16.671+0000] {logging_mixin.py:188} INFO - [2024-07-22T00:43:16.670+0000] {dagbag.py:545} INFO - Filling up the DagBag from /opt/airflow/dags/dag_with_pythonOperator.py
[2024-07-22T00:43:16.697+0000] {processor.py:840} INFO - DAG(s) 'dag_with_python_operator_v1' retrieved from /opt/airflow/dags/dag_with_pythonOperator.py
[2024-07-22T00:43:16.722+0000] {logging_mixin.py:188} INFO - [2024-07-22T00:43:16.721+0000] {dag.py:3096} INFO - Sync 1 DAGs
[2024-07-22T00:43:16.744+0000] {logging_mixin.py:188} INFO - [2024-07-22T00:43:16.744+0000] {dag.py:3954} INFO - Setting next_dagrun for dag_with_python_operator_v1 to 2024-07-22 00:00:00+00:00, run_after=2024-07-23 00:00:00+00:00
[2024-07-22T00:43:16.766+0000] {processor.py:183} INFO - Processing /opt/airflow/dags/dag_with_pythonOperator.py took 0.104 seconds
[2024-07-22T00:43:47.060+0000] {processor.py:161} INFO - Started process (PID=1337) to work on /opt/airflow/dags/dag_with_pythonOperator.py
[2024-07-22T00:43:47.061+0000] {processor.py:830} INFO - Processing file /opt/airflow/dags/dag_with_pythonOperator.py for tasks to queue
[2024-07-22T00:43:47.062+0000] {logging_mixin.py:188} INFO - [2024-07-22T00:43:47.062+0000] {dagbag.py:545} INFO - Filling up the DagBag from /opt/airflow/dags/dag_with_pythonOperator.py
[2024-07-22T00:43:47.089+0000] {processor.py:840} INFO - DAG(s) 'dag_with_python_operator_v1' retrieved from /opt/airflow/dags/dag_with_pythonOperator.py
[2024-07-22T00:43:47.120+0000] {logging_mixin.py:188} INFO - [2024-07-22T00:43:47.120+0000] {dag.py:3096} INFO - Sync 1 DAGs
[2024-07-22T00:43:47.143+0000] {logging_mixin.py:188} INFO - [2024-07-22T00:43:47.143+0000] {dag.py:3954} INFO - Setting next_dagrun for dag_with_python_operator_v1 to 2024-07-22 00:00:00+00:00, run_after=2024-07-23 00:00:00+00:00
[2024-07-22T00:43:47.166+0000] {processor.py:183} INFO - Processing /opt/airflow/dags/dag_with_pythonOperator.py took 0.113 seconds
[2024-07-22T00:44:04.875+0000] {processor.py:161} INFO - Started process (PID=1339) to work on /opt/airflow/dags/dag_with_pythonOperator.py
[2024-07-22T00:44:04.878+0000] {processor.py:830} INFO - Processing file /opt/airflow/dags/dag_with_pythonOperator.py for tasks to queue
[2024-07-22T00:44:04.882+0000] {logging_mixin.py:188} INFO - [2024-07-22T00:44:04.880+0000] {dagbag.py:545} INFO - Filling up the DagBag from /opt/airflow/dags/dag_with_pythonOperator.py
[2024-07-22T00:44:04.959+0000] {processor.py:840} INFO - DAG(s) 'dag_with_python_operator_v2' retrieved from /opt/airflow/dags/dag_with_pythonOperator.py
[2024-07-22T00:44:05.319+0000] {logging_mixin.py:188} INFO - [2024-07-22T00:44:05.315+0000] {override.py:1829} INFO - Created Permission View: can delete on DAG:dag_with_python_operator_v2
[2024-07-22T00:44:05.343+0000] {logging_mixin.py:188} INFO - [2024-07-22T00:44:05.342+0000] {override.py:1829} INFO - Created Permission View: can edit on DAG:dag_with_python_operator_v2
[2024-07-22T00:44:05.369+0000] {logging_mixin.py:188} INFO - [2024-07-22T00:44:05.368+0000] {override.py:1829} INFO - Created Permission View: can read on DAG:dag_with_python_operator_v2
[2024-07-22T00:44:05.371+0000] {logging_mixin.py:188} INFO - [2024-07-22T00:44:05.370+0000] {dag.py:3096} INFO - Sync 1 DAGs
[2024-07-22T00:44:05.403+0000] {logging_mixin.py:188} INFO - [2024-07-22T00:44:05.402+0000] {dag.py:3118} INFO - Creating ORM DAG for dag_with_python_operator_v2
[2024-07-22T00:44:05.427+0000] {logging_mixin.py:188} INFO - [2024-07-22T00:44:05.427+0000] {dag.py:3954} INFO - Setting next_dagrun for dag_with_python_operator_v2 to 2024-07-22 00:00:00+00:00, run_after=2024-07-23 00:00:00+00:00
[2024-07-22T00:44:05.474+0000] {processor.py:183} INFO - Processing /opt/airflow/dags/dag_with_pythonOperator.py took 0.616 seconds
[2024-07-22T00:44:24.052+0000] {processor.py:161} INFO - Started process (PID=1347) to work on /opt/airflow/dags/dag_with_pythonOperator.py
[2024-07-22T00:44:24.053+0000] {processor.py:830} INFO - Processing file /opt/airflow/dags/dag_with_pythonOperator.py for tasks to queue
[2024-07-22T00:44:24.055+0000] {logging_mixin.py:188} INFO - [2024-07-22T00:44:24.054+0000] {dagbag.py:545} INFO - Filling up the DagBag from /opt/airflow/dags/dag_with_pythonOperator.py
[2024-07-22T00:44:24.105+0000] {processor.py:840} INFO - DAG(s) 'dag_with_python_operator_v2' retrieved from /opt/airflow/dags/dag_with_pythonOperator.py
[2024-07-22T00:44:24.124+0000] {logging_mixin.py:188} INFO - [2024-07-22T00:44:24.124+0000] {dag.py:3096} INFO - Sync 1 DAGs
[2024-07-22T00:44:24.172+0000] {logging_mixin.py:188} INFO - [2024-07-22T00:44:24.171+0000] {dag.py:3954} INFO - Setting next_dagrun for dag_with_python_operator_v2 to 2024-07-22 00:00:00+00:00, run_after=2024-07-23 00:00:00+00:00
[2024-07-22T00:44:24.206+0000] {processor.py:183} INFO - Processing /opt/airflow/dags/dag_with_pythonOperator.py took 0.161 seconds
[2024-07-22T00:44:54.350+0000] {processor.py:161} INFO - Started process (PID=1354) to work on /opt/airflow/dags/dag_with_pythonOperator.py
[2024-07-22T00:44:54.352+0000] {processor.py:830} INFO - Processing file /opt/airflow/dags/dag_with_pythonOperator.py for tasks to queue
[2024-07-22T00:44:54.353+0000] {logging_mixin.py:188} INFO - [2024-07-22T00:44:54.352+0000] {dagbag.py:545} INFO - Filling up the DagBag from /opt/airflow/dags/dag_with_pythonOperator.py
[2024-07-22T00:44:54.388+0000] {processor.py:840} INFO - DAG(s) 'dag_with_python_operator_v2' retrieved from /opt/airflow/dags/dag_with_pythonOperator.py
[2024-07-22T00:44:54.420+0000] {logging_mixin.py:188} INFO - [2024-07-22T00:44:54.420+0000] {dag.py:3096} INFO - Sync 1 DAGs
[2024-07-22T00:44:54.446+0000] {logging_mixin.py:188} INFO - [2024-07-22T00:44:54.446+0000] {dag.py:3954} INFO - Setting next_dagrun for dag_with_python_operator_v2 to 2024-07-22 00:00:00+00:00, run_after=2024-07-23 00:00:00+00:00
[2024-07-22T00:44:54.479+0000] {processor.py:183} INFO - Processing /opt/airflow/dags/dag_with_pythonOperator.py took 0.137 seconds
[2024-07-22T00:45:24.988+0000] {processor.py:161} INFO - Started process (PID=1362) to work on /opt/airflow/dags/dag_with_pythonOperator.py
[2024-07-22T00:45:24.993+0000] {processor.py:830} INFO - Processing file /opt/airflow/dags/dag_with_pythonOperator.py for tasks to queue
[2024-07-22T00:45:24.996+0000] {logging_mixin.py:188} INFO - [2024-07-22T00:45:24.995+0000] {dagbag.py:545} INFO - Filling up the DagBag from /opt/airflow/dags/dag_with_pythonOperator.py
[2024-07-22T00:45:25.094+0000] {processor.py:840} INFO - DAG(s) 'dag_with_python_operator_v2' retrieved from /opt/airflow/dags/dag_with_pythonOperator.py
[2024-07-22T00:45:25.277+0000] {logging_mixin.py:188} INFO - [2024-07-22T00:45:25.276+0000] {dag.py:3096} INFO - Sync 1 DAGs
[2024-07-22T00:45:25.413+0000] {logging_mixin.py:188} INFO - [2024-07-22T00:45:25.413+0000] {dag.py:3954} INFO - Setting next_dagrun for dag_with_python_operator_v2 to 2024-07-22 00:00:00+00:00, run_after=2024-07-23 00:00:00+00:00
[2024-07-22T00:45:25.476+0000] {processor.py:183} INFO - Processing /opt/airflow/dags/dag_with_pythonOperator.py took 0.513 seconds
[2024-07-22T00:45:55.921+0000] {processor.py:161} INFO - Started process (PID=1370) to work on /opt/airflow/dags/dag_with_pythonOperator.py
[2024-07-22T00:45:55.922+0000] {processor.py:830} INFO - Processing file /opt/airflow/dags/dag_with_pythonOperator.py for tasks to queue
[2024-07-22T00:45:55.924+0000] {logging_mixin.py:188} INFO - [2024-07-22T00:45:55.923+0000] {dagbag.py:545} INFO - Filling up the DagBag from /opt/airflow/dags/dag_with_pythonOperator.py
[2024-07-22T00:45:55.952+0000] {processor.py:840} INFO - DAG(s) 'dag_with_python_operator_v2' retrieved from /opt/airflow/dags/dag_with_pythonOperator.py
[2024-07-22T00:45:55.983+0000] {logging_mixin.py:188} INFO - [2024-07-22T00:45:55.983+0000] {dag.py:3096} INFO - Sync 1 DAGs
[2024-07-22T00:45:56.021+0000] {logging_mixin.py:188} INFO - [2024-07-22T00:45:56.021+0000] {dag.py:3954} INFO - Setting next_dagrun for dag_with_python_operator_v2 to 2024-07-22 00:00:00+00:00, run_after=2024-07-23 00:00:00+00:00
[2024-07-22T00:45:56.058+0000] {processor.py:183} INFO - Processing /opt/airflow/dags/dag_with_pythonOperator.py took 0.146 seconds
[2024-07-22T00:46:26.395+0000] {processor.py:161} INFO - Started process (PID=1378) to work on /opt/airflow/dags/dag_with_pythonOperator.py
[2024-07-22T00:46:26.397+0000] {processor.py:830} INFO - Processing file /opt/airflow/dags/dag_with_pythonOperator.py for tasks to queue
[2024-07-22T00:46:26.398+0000] {logging_mixin.py:188} INFO - [2024-07-22T00:46:26.398+0000] {dagbag.py:545} INFO - Filling up the DagBag from /opt/airflow/dags/dag_with_pythonOperator.py
[2024-07-22T00:46:26.420+0000] {processor.py:840} INFO - DAG(s) 'dag_with_python_operator_v2' retrieved from /opt/airflow/dags/dag_with_pythonOperator.py
[2024-07-22T00:46:26.451+0000] {logging_mixin.py:188} INFO - [2024-07-22T00:46:26.450+0000] {dag.py:3096} INFO - Sync 1 DAGs
[2024-07-22T00:46:26.477+0000] {logging_mixin.py:188} INFO - [2024-07-22T00:46:26.477+0000] {dag.py:3954} INFO - Setting next_dagrun for dag_with_python_operator_v2 to 2024-07-22 00:00:00+00:00, run_after=2024-07-23 00:00:00+00:00
[2024-07-22T00:46:26.502+0000] {processor.py:183} INFO - Processing /opt/airflow/dags/dag_with_pythonOperator.py took 0.115 seconds
[2024-07-22T00:46:43.861+0000] {processor.py:161} INFO - Started process (PID=1386) to work on /opt/airflow/dags/dag_with_pythonOperator.py
[2024-07-22T00:46:43.862+0000] {processor.py:830} INFO - Processing file /opt/airflow/dags/dag_with_pythonOperator.py for tasks to queue
[2024-07-22T00:46:43.864+0000] {logging_mixin.py:188} INFO - [2024-07-22T00:46:43.863+0000] {dagbag.py:545} INFO - Filling up the DagBag from /opt/airflow/dags/dag_with_pythonOperator.py
[2024-07-22T00:46:43.901+0000] {logging_mixin.py:188} INFO - [2024-07-22T00:46:43.894+0000] {dagbag.py:355} ERROR - Failed to import: /opt/airflow/dags/dag_with_pythonOperator.py
Traceback (most recent call last):
  File "/home/airflow/.local/lib/python3.12/site-packages/airflow/models/dagbag.py", line 351, in parse
    loader.exec_module(new_module)
  File "<frozen importlib._bootstrap_external>", line 995, in exec_module
  File "<frozen importlib._bootstrap>", line 488, in _call_with_frames_removed
  File "/opt/airflow/dags/dag_with_pythonOperator.py", line 25, in <module>
    op_kwargs={'name': 'Tom' , age: 20}
                               ^^^
NameError: name 'age' is not defined
[2024-07-22T00:46:43.903+0000] {processor.py:842} WARNING - No viable dags retrieved from /opt/airflow/dags/dag_with_pythonOperator.py
[2024-07-22T00:46:43.935+0000] {processor.py:183} INFO - Processing /opt/airflow/dags/dag_with_pythonOperator.py took 0.082 seconds
[2024-07-22T00:46:52.965+0000] {processor.py:161} INFO - Started process (PID=1387) to work on /opt/airflow/dags/dag_with_pythonOperator.py
[2024-07-22T00:46:52.967+0000] {processor.py:830} INFO - Processing file /opt/airflow/dags/dag_with_pythonOperator.py for tasks to queue
[2024-07-22T00:46:52.968+0000] {logging_mixin.py:188} INFO - [2024-07-22T00:46:52.968+0000] {dagbag.py:545} INFO - Filling up the DagBag from /opt/airflow/dags/dag_with_pythonOperator.py
[2024-07-22T00:46:53.021+0000] {processor.py:840} INFO - DAG(s) 'dag_with_python_operator_v2' retrieved from /opt/airflow/dags/dag_with_pythonOperator.py
[2024-07-22T00:46:53.064+0000] {logging_mixin.py:188} INFO - [2024-07-22T00:46:53.064+0000] {dag.py:3096} INFO - Sync 1 DAGs
[2024-07-22T00:46:53.104+0000] {logging_mixin.py:188} INFO - [2024-07-22T00:46:53.104+0000] {dag.py:3954} INFO - Setting next_dagrun for dag_with_python_operator_v2 to 2024-07-22 00:00:00+00:00, run_after=2024-07-23 00:00:00+00:00
[2024-07-22T00:46:53.153+0000] {processor.py:183} INFO - Processing /opt/airflow/dags/dag_with_pythonOperator.py took 0.199 seconds
[2024-07-22T00:47:23.478+0000] {processor.py:161} INFO - Started process (PID=1395) to work on /opt/airflow/dags/dag_with_pythonOperator.py
[2024-07-22T00:47:23.479+0000] {processor.py:830} INFO - Processing file /opt/airflow/dags/dag_with_pythonOperator.py for tasks to queue
[2024-07-22T00:47:23.480+0000] {logging_mixin.py:188} INFO - [2024-07-22T00:47:23.480+0000] {dagbag.py:545} INFO - Filling up the DagBag from /opt/airflow/dags/dag_with_pythonOperator.py
[2024-07-22T00:47:23.505+0000] {processor.py:840} INFO - DAG(s) 'dag_with_python_operator_v2' retrieved from /opt/airflow/dags/dag_with_pythonOperator.py
[2024-07-22T00:47:23.532+0000] {logging_mixin.py:188} INFO - [2024-07-22T00:47:23.531+0000] {dag.py:3096} INFO - Sync 1 DAGs
[2024-07-22T00:47:23.556+0000] {logging_mixin.py:188} INFO - [2024-07-22T00:47:23.555+0000] {dag.py:3954} INFO - Setting next_dagrun for dag_with_python_operator_v2 to 2024-07-22 00:00:00+00:00, run_after=2024-07-23 00:00:00+00:00
[2024-07-22T00:47:23.578+0000] {processor.py:183} INFO - Processing /opt/airflow/dags/dag_with_pythonOperator.py took 0.106 seconds
[2024-07-22T00:47:53.910+0000] {processor.py:161} INFO - Started process (PID=1403) to work on /opt/airflow/dags/dag_with_pythonOperator.py
[2024-07-22T00:47:53.912+0000] {processor.py:830} INFO - Processing file /opt/airflow/dags/dag_with_pythonOperator.py for tasks to queue
[2024-07-22T00:47:53.913+0000] {logging_mixin.py:188} INFO - [2024-07-22T00:47:53.913+0000] {dagbag.py:545} INFO - Filling up the DagBag from /opt/airflow/dags/dag_with_pythonOperator.py
[2024-07-22T00:47:53.956+0000] {processor.py:840} INFO - DAG(s) 'dag_with_python_operator_v2' retrieved from /opt/airflow/dags/dag_with_pythonOperator.py
[2024-07-22T00:47:54.001+0000] {logging_mixin.py:188} INFO - [2024-07-22T00:47:54.000+0000] {dag.py:3096} INFO - Sync 1 DAGs
[2024-07-22T00:47:54.045+0000] {logging_mixin.py:188} INFO - [2024-07-22T00:47:54.044+0000] {dag.py:3954} INFO - Setting next_dagrun for dag_with_python_operator_v2 to 2024-07-22 00:00:00+00:00, run_after=2024-07-23 00:00:00+00:00
[2024-07-22T00:47:54.095+0000] {processor.py:183} INFO - Processing /opt/airflow/dags/dag_with_pythonOperator.py took 0.199 seconds
[2024-07-22T00:48:24.204+0000] {processor.py:161} INFO - Started process (PID=1411) to work on /opt/airflow/dags/dag_with_pythonOperator.py
[2024-07-22T00:48:24.206+0000] {processor.py:830} INFO - Processing file /opt/airflow/dags/dag_with_pythonOperator.py for tasks to queue
[2024-07-22T00:48:24.208+0000] {logging_mixin.py:188} INFO - [2024-07-22T00:48:24.207+0000] {dagbag.py:545} INFO - Filling up the DagBag from /opt/airflow/dags/dag_with_pythonOperator.py
[2024-07-22T00:48:24.241+0000] {processor.py:840} INFO - DAG(s) 'dag_with_python_operator_v2' retrieved from /opt/airflow/dags/dag_with_pythonOperator.py
[2024-07-22T00:48:24.274+0000] {logging_mixin.py:188} INFO - [2024-07-22T00:48:24.273+0000] {dag.py:3096} INFO - Sync 1 DAGs
[2024-07-22T00:48:24.300+0000] {logging_mixin.py:188} INFO - [2024-07-22T00:48:24.300+0000] {dag.py:3954} INFO - Setting next_dagrun for dag_with_python_operator_v2 to 2024-07-22 00:00:00+00:00, run_after=2024-07-23 00:00:00+00:00
[2024-07-22T00:48:24.334+0000] {processor.py:183} INFO - Processing /opt/airflow/dags/dag_with_pythonOperator.py took 0.137 seconds
[2024-07-22T00:48:54.466+0000] {processor.py:161} INFO - Started process (PID=1419) to work on /opt/airflow/dags/dag_with_pythonOperator.py
[2024-07-22T00:48:54.467+0000] {processor.py:830} INFO - Processing file /opt/airflow/dags/dag_with_pythonOperator.py for tasks to queue
[2024-07-22T00:48:54.468+0000] {logging_mixin.py:188} INFO - [2024-07-22T00:48:54.468+0000] {dagbag.py:545} INFO - Filling up the DagBag from /opt/airflow/dags/dag_with_pythonOperator.py
[2024-07-22T00:48:54.513+0000] {processor.py:840} INFO - DAG(s) 'dag_with_python_operator_v2' retrieved from /opt/airflow/dags/dag_with_pythonOperator.py
[2024-07-22T00:48:54.645+0000] {logging_mixin.py:188} INFO - [2024-07-22T00:48:54.645+0000] {dag.py:3096} INFO - Sync 1 DAGs
[2024-07-22T00:48:54.671+0000] {logging_mixin.py:188} INFO - [2024-07-22T00:48:54.670+0000] {dag.py:3954} INFO - Setting next_dagrun for dag_with_python_operator_v2 to 2024-07-22 00:00:00+00:00, run_after=2024-07-23 00:00:00+00:00
[2024-07-22T00:48:54.700+0000] {processor.py:183} INFO - Processing /opt/airflow/dags/dag_with_pythonOperator.py took 0.243 seconds
[2024-07-22T00:48:57.623+0000] {processor.py:161} INFO - Started process (PID=1420) to work on /opt/airflow/dags/dag_with_pythonOperator.py
[2024-07-22T00:48:57.624+0000] {processor.py:830} INFO - Processing file /opt/airflow/dags/dag_with_pythonOperator.py for tasks to queue
[2024-07-22T00:48:57.627+0000] {logging_mixin.py:188} INFO - [2024-07-22T00:48:57.626+0000] {dagbag.py:545} INFO - Filling up the DagBag from /opt/airflow/dags/dag_with_pythonOperator.py
[2024-07-22T00:48:57.682+0000] {processor.py:840} INFO - DAG(s) 'dag_with_python_operator_v2' retrieved from /opt/airflow/dags/dag_with_pythonOperator.py
[2024-07-22T00:48:57.702+0000] {logging_mixin.py:188} INFO - [2024-07-22T00:48:57.701+0000] {dag.py:3096} INFO - Sync 1 DAGs
[2024-07-22T00:48:57.739+0000] {logging_mixin.py:188} INFO - [2024-07-22T00:48:57.739+0000] {dag.py:3954} INFO - Setting next_dagrun for dag_with_python_operator_v2 to 2024-07-22 00:00:00+00:00, run_after=2024-07-23 00:00:00+00:00
[2024-07-22T00:48:57.777+0000] {processor.py:183} INFO - Processing /opt/airflow/dags/dag_with_pythonOperator.py took 0.164 seconds
[2024-07-22T00:49:28.179+0000] {processor.py:161} INFO - Started process (PID=1428) to work on /opt/airflow/dags/dag_with_pythonOperator.py
[2024-07-22T00:49:28.180+0000] {processor.py:830} INFO - Processing file /opt/airflow/dags/dag_with_pythonOperator.py for tasks to queue
[2024-07-22T00:49:28.181+0000] {logging_mixin.py:188} INFO - [2024-07-22T00:49:28.181+0000] {dagbag.py:545} INFO - Filling up the DagBag from /opt/airflow/dags/dag_with_pythonOperator.py
[2024-07-22T00:49:28.206+0000] {processor.py:840} INFO - DAG(s) 'dag_with_python_operator_v2' retrieved from /opt/airflow/dags/dag_with_pythonOperator.py
[2024-07-22T00:49:28.231+0000] {logging_mixin.py:188} INFO - [2024-07-22T00:49:28.231+0000] {dag.py:3096} INFO - Sync 1 DAGs
[2024-07-22T00:49:28.255+0000] {logging_mixin.py:188} INFO - [2024-07-22T00:49:28.255+0000] {dag.py:3954} INFO - Setting next_dagrun for dag_with_python_operator_v2 to 2024-07-22 00:00:00+00:00, run_after=2024-07-23 00:00:00+00:00
[2024-07-22T00:49:28.277+0000] {processor.py:183} INFO - Processing /opt/airflow/dags/dag_with_pythonOperator.py took 0.104 seconds
[2024-07-22T00:49:58.595+0000] {processor.py:161} INFO - Started process (PID=1436) to work on /opt/airflow/dags/dag_with_pythonOperator.py
[2024-07-22T00:49:58.597+0000] {processor.py:830} INFO - Processing file /opt/airflow/dags/dag_with_pythonOperator.py for tasks to queue
[2024-07-22T00:49:58.598+0000] {logging_mixin.py:188} INFO - [2024-07-22T00:49:58.598+0000] {dagbag.py:545} INFO - Filling up the DagBag from /opt/airflow/dags/dag_with_pythonOperator.py
[2024-07-22T00:49:58.622+0000] {processor.py:840} INFO - DAG(s) 'dag_with_python_operator_v2' retrieved from /opt/airflow/dags/dag_with_pythonOperator.py
[2024-07-22T00:49:58.647+0000] {logging_mixin.py:188} INFO - [2024-07-22T00:49:58.646+0000] {dag.py:3096} INFO - Sync 1 DAGs
[2024-07-22T00:49:58.673+0000] {logging_mixin.py:188} INFO - [2024-07-22T00:49:58.672+0000] {dag.py:3954} INFO - Setting next_dagrun for dag_with_python_operator_v2 to 2024-07-22 00:00:00+00:00, run_after=2024-07-23 00:00:00+00:00
[2024-07-22T00:49:58.696+0000] {processor.py:183} INFO - Processing /opt/airflow/dags/dag_with_pythonOperator.py took 0.107 seconds
[2024-07-22T00:50:29.066+0000] {processor.py:161} INFO - Started process (PID=1444) to work on /opt/airflow/dags/dag_with_pythonOperator.py
[2024-07-22T00:50:29.067+0000] {processor.py:830} INFO - Processing file /opt/airflow/dags/dag_with_pythonOperator.py for tasks to queue
[2024-07-22T00:50:29.069+0000] {logging_mixin.py:188} INFO - [2024-07-22T00:50:29.068+0000] {dagbag.py:545} INFO - Filling up the DagBag from /opt/airflow/dags/dag_with_pythonOperator.py
[2024-07-22T00:50:29.092+0000] {processor.py:840} INFO - DAG(s) 'dag_with_python_operator_v2' retrieved from /opt/airflow/dags/dag_with_pythonOperator.py
[2024-07-22T00:50:29.124+0000] {logging_mixin.py:188} INFO - [2024-07-22T00:50:29.123+0000] {dag.py:3096} INFO - Sync 1 DAGs
[2024-07-22T00:50:29.150+0000] {logging_mixin.py:188} INFO - [2024-07-22T00:50:29.150+0000] {dag.py:3954} INFO - Setting next_dagrun for dag_with_python_operator_v2 to 2024-07-22 00:00:00+00:00, run_after=2024-07-23 00:00:00+00:00
[2024-07-22T00:50:29.178+0000] {processor.py:183} INFO - Processing /opt/airflow/dags/dag_with_pythonOperator.py took 0.117 seconds
[2024-07-22T00:50:59.525+0000] {processor.py:161} INFO - Started process (PID=1452) to work on /opt/airflow/dags/dag_with_pythonOperator.py
[2024-07-22T00:50:59.527+0000] {processor.py:830} INFO - Processing file /opt/airflow/dags/dag_with_pythonOperator.py for tasks to queue
[2024-07-22T00:50:59.528+0000] {logging_mixin.py:188} INFO - [2024-07-22T00:50:59.528+0000] {dagbag.py:545} INFO - Filling up the DagBag from /opt/airflow/dags/dag_with_pythonOperator.py
[2024-07-22T00:50:59.553+0000] {processor.py:840} INFO - DAG(s) 'dag_with_python_operator_v2' retrieved from /opt/airflow/dags/dag_with_pythonOperator.py
[2024-07-22T00:50:59.586+0000] {logging_mixin.py:188} INFO - [2024-07-22T00:50:59.585+0000] {dag.py:3096} INFO - Sync 1 DAGs
[2024-07-22T00:50:59.615+0000] {logging_mixin.py:188} INFO - [2024-07-22T00:50:59.615+0000] {dag.py:3954} INFO - Setting next_dagrun for dag_with_python_operator_v2 to 2024-07-22 00:00:00+00:00, run_after=2024-07-23 00:00:00+00:00
[2024-07-22T00:50:59.640+0000] {processor.py:183} INFO - Processing /opt/airflow/dags/dag_with_pythonOperator.py took 0.121 seconds
[2024-07-22T00:51:29.992+0000] {processor.py:161} INFO - Started process (PID=1460) to work on /opt/airflow/dags/dag_with_pythonOperator.py
[2024-07-22T00:51:29.994+0000] {processor.py:830} INFO - Processing file /opt/airflow/dags/dag_with_pythonOperator.py for tasks to queue
[2024-07-22T00:51:29.995+0000] {logging_mixin.py:188} INFO - [2024-07-22T00:51:29.994+0000] {dagbag.py:545} INFO - Filling up the DagBag from /opt/airflow/dags/dag_with_pythonOperator.py
[2024-07-22T00:51:30.017+0000] {processor.py:840} INFO - DAG(s) 'dag_with_python_operator_v2' retrieved from /opt/airflow/dags/dag_with_pythonOperator.py
[2024-07-22T00:51:30.047+0000] {logging_mixin.py:188} INFO - [2024-07-22T00:51:30.046+0000] {dag.py:3096} INFO - Sync 1 DAGs
[2024-07-22T00:51:30.071+0000] {logging_mixin.py:188} INFO - [2024-07-22T00:51:30.071+0000] {dag.py:3954} INFO - Setting next_dagrun for dag_with_python_operator_v2 to 2024-07-22 00:00:00+00:00, run_after=2024-07-23 00:00:00+00:00
[2024-07-22T00:51:30.091+0000] {processor.py:183} INFO - Processing /opt/airflow/dags/dag_with_pythonOperator.py took 0.105 seconds
[2024-07-22T00:52:00.424+0000] {processor.py:161} INFO - Started process (PID=1468) to work on /opt/airflow/dags/dag_with_pythonOperator.py
[2024-07-22T00:52:00.425+0000] {processor.py:830} INFO - Processing file /opt/airflow/dags/dag_with_pythonOperator.py for tasks to queue
[2024-07-22T00:52:00.426+0000] {logging_mixin.py:188} INFO - [2024-07-22T00:52:00.426+0000] {dagbag.py:545} INFO - Filling up the DagBag from /opt/airflow/dags/dag_with_pythonOperator.py
[2024-07-22T00:52:00.452+0000] {processor.py:840} INFO - DAG(s) 'dag_with_python_operator_v2' retrieved from /opt/airflow/dags/dag_with_pythonOperator.py
[2024-07-22T00:52:00.483+0000] {logging_mixin.py:188} INFO - [2024-07-22T00:52:00.483+0000] {dag.py:3096} INFO - Sync 1 DAGs
[2024-07-22T00:52:00.511+0000] {logging_mixin.py:188} INFO - [2024-07-22T00:52:00.511+0000] {dag.py:3954} INFO - Setting next_dagrun for dag_with_python_operator_v2 to 2024-07-22 00:00:00+00:00, run_after=2024-07-23 00:00:00+00:00
[2024-07-22T00:52:00.536+0000] {processor.py:183} INFO - Processing /opt/airflow/dags/dag_with_pythonOperator.py took 0.118 seconds
[2024-07-22T00:52:30.902+0000] {processor.py:161} INFO - Started process (PID=1476) to work on /opt/airflow/dags/dag_with_pythonOperator.py
[2024-07-22T00:52:30.904+0000] {processor.py:830} INFO - Processing file /opt/airflow/dags/dag_with_pythonOperator.py for tasks to queue
[2024-07-22T00:52:30.905+0000] {logging_mixin.py:188} INFO - [2024-07-22T00:52:30.904+0000] {dagbag.py:545} INFO - Filling up the DagBag from /opt/airflow/dags/dag_with_pythonOperator.py
[2024-07-22T00:52:30.931+0000] {processor.py:840} INFO - DAG(s) 'dag_with_python_operator_v2' retrieved from /opt/airflow/dags/dag_with_pythonOperator.py
[2024-07-22T00:52:30.959+0000] {logging_mixin.py:188} INFO - [2024-07-22T00:52:30.959+0000] {dag.py:3096} INFO - Sync 1 DAGs
[2024-07-22T00:52:30.986+0000] {logging_mixin.py:188} INFO - [2024-07-22T00:52:30.986+0000] {dag.py:3954} INFO - Setting next_dagrun for dag_with_python_operator_v2 to 2024-07-22 00:00:00+00:00, run_after=2024-07-23 00:00:00+00:00
[2024-07-22T00:52:31.014+0000] {processor.py:183} INFO - Processing /opt/airflow/dags/dag_with_pythonOperator.py took 0.117 seconds
[2024-07-22T00:53:01.365+0000] {processor.py:161} INFO - Started process (PID=1484) to work on /opt/airflow/dags/dag_with_pythonOperator.py
[2024-07-22T00:53:01.366+0000] {processor.py:830} INFO - Processing file /opt/airflow/dags/dag_with_pythonOperator.py for tasks to queue
[2024-07-22T00:53:01.367+0000] {logging_mixin.py:188} INFO - [2024-07-22T00:53:01.367+0000] {dagbag.py:545} INFO - Filling up the DagBag from /opt/airflow/dags/dag_with_pythonOperator.py
[2024-07-22T00:53:01.395+0000] {processor.py:840} INFO - DAG(s) 'dag_with_python_operator_v2' retrieved from /opt/airflow/dags/dag_with_pythonOperator.py
[2024-07-22T00:53:01.428+0000] {logging_mixin.py:188} INFO - [2024-07-22T00:53:01.427+0000] {dag.py:3096} INFO - Sync 1 DAGs
[2024-07-22T00:53:01.460+0000] {logging_mixin.py:188} INFO - [2024-07-22T00:53:01.459+0000] {dag.py:3954} INFO - Setting next_dagrun for dag_with_python_operator_v2 to 2024-07-22 00:00:00+00:00, run_after=2024-07-23 00:00:00+00:00
[2024-07-22T00:53:01.487+0000] {processor.py:183} INFO - Processing /opt/airflow/dags/dag_with_pythonOperator.py took 0.131 seconds
[2024-07-22T00:53:31.685+0000] {processor.py:161} INFO - Started process (PID=1492) to work on /opt/airflow/dags/dag_with_pythonOperator.py
[2024-07-22T00:53:31.689+0000] {processor.py:830} INFO - Processing file /opt/airflow/dags/dag_with_pythonOperator.py for tasks to queue
[2024-07-22T00:53:31.692+0000] {logging_mixin.py:188} INFO - [2024-07-22T00:53:31.692+0000] {dagbag.py:545} INFO - Filling up the DagBag from /opt/airflow/dags/dag_with_pythonOperator.py
[2024-07-22T00:53:31.741+0000] {processor.py:840} INFO - DAG(s) 'dag_with_python_operator_v2' retrieved from /opt/airflow/dags/dag_with_pythonOperator.py
[2024-07-22T00:53:31.781+0000] {logging_mixin.py:188} INFO - [2024-07-22T00:53:31.780+0000] {dag.py:3096} INFO - Sync 1 DAGs
[2024-07-22T00:53:31.813+0000] {logging_mixin.py:188} INFO - [2024-07-22T00:53:31.812+0000] {dag.py:3954} INFO - Setting next_dagrun for dag_with_python_operator_v2 to 2024-07-22 00:00:00+00:00, run_after=2024-07-23 00:00:00+00:00
[2024-07-22T00:53:31.837+0000] {processor.py:183} INFO - Processing /opt/airflow/dags/dag_with_pythonOperator.py took 0.173 seconds
[2024-07-22T00:54:02.173+0000] {processor.py:161} INFO - Started process (PID=1500) to work on /opt/airflow/dags/dag_with_pythonOperator.py
[2024-07-22T00:54:02.175+0000] {processor.py:830} INFO - Processing file /opt/airflow/dags/dag_with_pythonOperator.py for tasks to queue
[2024-07-22T00:54:02.176+0000] {logging_mixin.py:188} INFO - [2024-07-22T00:54:02.176+0000] {dagbag.py:545} INFO - Filling up the DagBag from /opt/airflow/dags/dag_with_pythonOperator.py
[2024-07-22T00:54:02.215+0000] {processor.py:840} INFO - DAG(s) 'dag_with_python_operator_v2' retrieved from /opt/airflow/dags/dag_with_pythonOperator.py
[2024-07-22T00:54:02.258+0000] {logging_mixin.py:188} INFO - [2024-07-22T00:54:02.258+0000] {dag.py:3096} INFO - Sync 1 DAGs
[2024-07-22T00:54:02.286+0000] {logging_mixin.py:188} INFO - [2024-07-22T00:54:02.286+0000] {dag.py:3954} INFO - Setting next_dagrun for dag_with_python_operator_v2 to 2024-07-22 00:00:00+00:00, run_after=2024-07-23 00:00:00+00:00
[2024-07-22T00:54:02.307+0000] {processor.py:183} INFO - Processing /opt/airflow/dags/dag_with_pythonOperator.py took 0.146 seconds
[2024-07-22T00:54:32.518+0000] {processor.py:161} INFO - Started process (PID=1508) to work on /opt/airflow/dags/dag_with_pythonOperator.py
[2024-07-22T00:54:32.520+0000] {processor.py:830} INFO - Processing file /opt/airflow/dags/dag_with_pythonOperator.py for tasks to queue
[2024-07-22T00:54:32.521+0000] {logging_mixin.py:188} INFO - [2024-07-22T00:54:32.520+0000] {dagbag.py:545} INFO - Filling up the DagBag from /opt/airflow/dags/dag_with_pythonOperator.py
[2024-07-22T00:54:32.546+0000] {processor.py:840} INFO - DAG(s) 'dag_with_python_operator_v2' retrieved from /opt/airflow/dags/dag_with_pythonOperator.py
[2024-07-22T00:54:32.575+0000] {logging_mixin.py:188} INFO - [2024-07-22T00:54:32.574+0000] {dag.py:3096} INFO - Sync 1 DAGs
[2024-07-22T00:54:32.600+0000] {logging_mixin.py:188} INFO - [2024-07-22T00:54:32.600+0000] {dag.py:3954} INFO - Setting next_dagrun for dag_with_python_operator_v2 to 2024-07-22 00:00:00+00:00, run_after=2024-07-23 00:00:00+00:00
[2024-07-22T00:54:32.627+0000] {processor.py:183} INFO - Processing /opt/airflow/dags/dag_with_pythonOperator.py took 0.115 seconds
[2024-07-22T00:55:03.050+0000] {processor.py:161} INFO - Started process (PID=1516) to work on /opt/airflow/dags/dag_with_pythonOperator.py
[2024-07-22T00:55:03.051+0000] {processor.py:830} INFO - Processing file /opt/airflow/dags/dag_with_pythonOperator.py for tasks to queue
[2024-07-22T00:55:03.052+0000] {logging_mixin.py:188} INFO - [2024-07-22T00:55:03.052+0000] {dagbag.py:545} INFO - Filling up the DagBag from /opt/airflow/dags/dag_with_pythonOperator.py
[2024-07-22T00:55:03.086+0000] {processor.py:840} INFO - DAG(s) 'dag_with_python_operator_v2' retrieved from /opt/airflow/dags/dag_with_pythonOperator.py
[2024-07-22T00:55:03.114+0000] {logging_mixin.py:188} INFO - [2024-07-22T00:55:03.114+0000] {dag.py:3096} INFO - Sync 1 DAGs
[2024-07-22T00:55:03.138+0000] {logging_mixin.py:188} INFO - [2024-07-22T00:55:03.138+0000] {dag.py:3954} INFO - Setting next_dagrun for dag_with_python_operator_v2 to 2024-07-22 00:00:00+00:00, run_after=2024-07-23 00:00:00+00:00
[2024-07-22T00:55:03.163+0000] {processor.py:183} INFO - Processing /opt/airflow/dags/dag_with_pythonOperator.py took 0.121 seconds
[2024-07-22T00:55:33.500+0000] {processor.py:161} INFO - Started process (PID=1524) to work on /opt/airflow/dags/dag_with_pythonOperator.py
[2024-07-22T00:55:33.501+0000] {processor.py:830} INFO - Processing file /opt/airflow/dags/dag_with_pythonOperator.py for tasks to queue
[2024-07-22T00:55:33.504+0000] {logging_mixin.py:188} INFO - [2024-07-22T00:55:33.503+0000] {dagbag.py:545} INFO - Filling up the DagBag from /opt/airflow/dags/dag_with_pythonOperator.py
[2024-07-22T00:55:33.557+0000] {processor.py:840} INFO - DAG(s) 'dag_with_python_operator_v2' retrieved from /opt/airflow/dags/dag_with_pythonOperator.py
[2024-07-22T00:55:33.615+0000] {logging_mixin.py:188} INFO - [2024-07-22T00:55:33.614+0000] {dag.py:3096} INFO - Sync 1 DAGs
[2024-07-22T00:55:33.671+0000] {logging_mixin.py:188} INFO - [2024-07-22T00:55:33.671+0000] {dag.py:3954} INFO - Setting next_dagrun for dag_with_python_operator_v2 to 2024-07-22 00:00:00+00:00, run_after=2024-07-23 00:00:00+00:00
[2024-07-22T00:55:33.714+0000] {processor.py:183} INFO - Processing /opt/airflow/dags/dag_with_pythonOperator.py took 0.230 seconds
