[2024-07-21T23:46:42.045+0000] {local_task_job_runner.py:120} INFO - ::group::Pre task execution logs
[2024-07-21T23:46:42.072+0000] {taskinstance.py:2076} INFO - Dependencies all met for dep_context=non-requeueable deps ti=<TaskInstance: our_first_dag.first_task scheduled__2024-07-18T00:00:00+00:00 [queued]>
[2024-07-21T23:46:42.083+0000] {taskinstance.py:2076} INFO - Dependencies all met for dep_context=requeueable deps ti=<TaskInstance: our_first_dag.first_task scheduled__2024-07-18T00:00:00+00:00 [queued]>
[2024-07-21T23:46:42.084+0000] {taskinstance.py:2306} INFO - Starting attempt 3 of 6
[2024-07-21T23:46:42.101+0000] {taskinstance.py:2330} INFO - Executing <Task(BashOperator): first_task> on 2024-07-18 00:00:00+00:00
[2024-07-21T23:46:42.107+0000] {warnings.py:110} WARNING - /home/***/.local/lib/python3.12/site-packages/***/task/task_runner/standard_task_runner.py:61: DeprecationWarning: This process (pid=448) is multi-threaded, use of fork() may lead to deadlocks in the child.
  pid = os.fork()

[2024-07-21T23:46:42.109+0000] {standard_task_runner.py:63} INFO - Started process 451 to run task
[2024-07-21T23:46:42.109+0000] {standard_task_runner.py:90} INFO - Running: ['***', 'tasks', 'run', 'our_first_dag', 'first_task', 'scheduled__2024-07-18T00:00:00+00:00', '--job-id', '22', '--raw', '--subdir', 'DAGS_FOLDER/our_first_dag.py', '--cfg-path', '/tmp/tmpttgh9dhv']
[2024-07-21T23:46:42.110+0000] {standard_task_runner.py:91} INFO - Job 22: Subtask first_task
[2024-07-21T23:46:42.162+0000] {task_command.py:426} INFO - Running <TaskInstance: our_first_dag.first_task scheduled__2024-07-18T00:00:00+00:00 [running]> on host eefce25a52e3
[2024-07-21T23:46:42.302+0000] {taskinstance.py:2648} INFO - Exporting env vars: AIRFLOW_CTX_DAG_OWNER='***' AIRFLOW_CTX_DAG_ID='our_first_dag' AIRFLOW_CTX_TASK_ID='first_task' AIRFLOW_CTX_EXECUTION_DATE='2024-07-18T00:00:00+00:00' AIRFLOW_CTX_TRY_NUMBER='3' AIRFLOW_CTX_DAG_RUN_ID='scheduled__2024-07-18T00:00:00+00:00'
[2024-07-21T23:46:42.304+0000] {taskinstance.py:430} INFO - ::endgroup::
[2024-07-21T23:46:42.330+0000] {subprocess.py:63} INFO - Tmp dir root location: /tmp
[2024-07-21T23:46:42.331+0000] {subprocess.py:75} INFO - Running command: ['/usr/bin/bash', '-c', 'echo Hello World, this is the first task to be done']
[2024-07-21T23:46:42.357+0000] {subprocess.py:86} INFO - Output:
[2024-07-21T23:46:42.359+0000] {subprocess.py:93} INFO - Hello World, this is the first task to be done
[2024-07-21T23:46:42.359+0000] {subprocess.py:97} INFO - Command exited with return code 0
[2024-07-21T23:46:42.360+0000] {taskinstance.py:441} INFO - ::group::Post task execution logs
[2024-07-21T23:46:42.393+0000] {taskinstance.py:1206} INFO - Marking task as SUCCESS. dag_id=our_first_dag, task_id=first_task, run_id=scheduled__2024-07-18T00:00:00+00:00, execution_date=20240718T000000, start_date=20240721T234642, end_date=20240721T234642
[2024-07-21T23:46:42.444+0000] {local_task_job_runner.py:240} INFO - Task exited with return code 0
[2024-07-21T23:46:42.461+0000] {taskinstance.py:3498} INFO - 0 downstream tasks scheduled from follow-on schedule check
[2024-07-21T23:46:42.464+0000] {local_task_job_runner.py:222} INFO - ::endgroup::
