[2024-07-22T00:51:15.662+0000] {local_task_job_runner.py:120} INFO - ::group::Pre task execution logs
[2024-07-22T00:51:15.705+0000] {taskinstance.py:2076} INFO - Dependencies all met for dep_context=non-requeueable deps ti=<TaskInstance: dag_with_python_operator_v2.Greet manual__2024-07-22T00:51:14.503761+00:00 [queued]>
[2024-07-22T00:51:15.717+0000] {taskinstance.py:2076} INFO - Dependencies all met for dep_context=requeueable deps ti=<TaskInstance: dag_with_python_operator_v2.Greet manual__2024-07-22T00:51:14.503761+00:00 [queued]>
[2024-07-22T00:51:15.718+0000] {taskinstance.py:2306} INFO - Starting attempt 1 of 6
[2024-07-22T00:51:15.745+0000] {taskinstance.py:2330} INFO - Executing <Task(PythonOperator): Greet> on 2024-07-22 00:51:14.503761+00:00
[2024-07-22T00:51:15.754+0000] {warnings.py:110} WARNING - /home/***/.local/lib/python3.12/site-packages/***/task/task_runner/standard_task_runner.py:61: DeprecationWarning: This process (pid=1311) is multi-threaded, use of fork() may lead to deadlocks in the child.
  pid = os.fork()

[2024-07-22T00:51:15.759+0000] {standard_task_runner.py:63} INFO - Started process 1312 to run task
[2024-07-22T00:51:15.759+0000] {standard_task_runner.py:90} INFO - Running: ['***', 'tasks', 'run', 'dag_with_python_operator_v2', 'Greet', 'manual__2024-07-22T00:51:14.503761+00:00', '--job-id', '42', '--raw', '--subdir', 'DAGS_FOLDER/dag_with_pythonOperator.py', '--cfg-path', '/tmp/tmp31mxm4jv']
[2024-07-22T00:51:15.761+0000] {standard_task_runner.py:91} INFO - Job 42: Subtask Greet
[2024-07-22T00:51:15.842+0000] {task_command.py:426} INFO - Running <TaskInstance: dag_with_python_operator_v2.Greet manual__2024-07-22T00:51:14.503761+00:00 [running]> on host eefce25a52e3
[2024-07-22T00:51:15.955+0000] {taskinstance.py:2648} INFO - Exporting env vars: AIRFLOW_CTX_DAG_OWNER='***' AIRFLOW_CTX_DAG_ID='dag_with_python_operator_v2' AIRFLOW_CTX_TASK_ID='Greet' AIRFLOW_CTX_EXECUTION_DATE='2024-07-22T00:51:14.503761+00:00' AIRFLOW_CTX_TRY_NUMBER='1' AIRFLOW_CTX_DAG_RUN_ID='manual__2024-07-22T00:51:14.503761+00:00'
[2024-07-22T00:51:15.956+0000] {taskinstance.py:430} INFO - ::endgroup::
[2024-07-22T00:51:15.973+0000] {logging_mixin.py:188} INFO - Hello World!! My name is Tom, and I am 20 years old
[2024-07-22T00:51:15.974+0000] {python.py:237} INFO - Done. Returned value was: None
[2024-07-22T00:51:15.976+0000] {taskinstance.py:441} INFO - ::group::Post task execution logs
[2024-07-22T00:51:15.988+0000] {taskinstance.py:1206} INFO - Marking task as SUCCESS. dag_id=dag_with_python_operator_v2, task_id=Greet, run_id=manual__2024-07-22T00:51:14.503761+00:00, execution_date=20240722T005114, start_date=20240722T005115, end_date=20240722T005115
[2024-07-22T00:51:16.015+0000] {local_task_job_runner.py:240} INFO - Task exited with return code 0
[2024-07-22T00:51:16.037+0000] {taskinstance.py:3498} INFO - 0 downstream tasks scheduled from follow-on schedule check
[2024-07-22T00:51:16.042+0000] {local_task_job_runner.py:222} INFO - ::endgroup::
